#
# A fatal error has been detected by the Java Runtime Environment:
#
#  EXCEPTION_ACCESS_VIOLATION (0xc0000005) at pc=0x00000177f9afae50, pid=13340, tid=24580
#
# JRE version: Java(TM) SE Runtime Environment (21.0.3+7) (build 21.0.3+7-LTS-152)
# Java VM: Java HotSpot(TM) 64-Bit Server VM (21.0.3+7-LTS-152, mixed mode, emulated-client, sharing, tiered, compressed oops, compressed class ptrs, g1 gc, windows-amd64)
# Problematic frame:
# v  ~BufferBlob::MethodHandles adapters 0x00000177f9afae50
#
# No core dump will be written. Minidumps are not enabled by default on client versions of Windows
#
# If you would like to submit a bug report, please visit:
#   https://bugreport.java.com/bugreport/crash.jsp
#

---------------  S U M M A R Y ------------

Command Line: -XX:+ShowCodeDetailsInExceptionMessages -agentlib:jdwp=transport=dt_socket,suspend=y,address=localhost:51492 -Dcom.sun.management.jmxremote -Dcom.sun.management.jmxremote.port=51491 -Dcom.sun.management.jmxremote.authenticate=false -Dcom.sun.management.jmxremote.ssl=false -Djava.rmi.server.hostname=localhost -Dspring.jmx.enabled=true -Dmanagement.endpoints.jmx.exposure.include=* -Dspring.application.admin.enabled=true -XX:TieredStopAtLevel=1 -Dspring.boot.project.name=final_exam -javaagent:D:\JavaWork\sts-4.23.0.RELEASE\configuration\org.eclipse.osgi\270\0\.cp\lib\javaagent-shaded.jar -Dfile.encoding=UTF-8 -Dstdout.encoding=UTF-8 -Dstderr.encoding=UTF-8 shop.FinalExamApplication --spring.output.ansi.enabled=always

Host: 11th Gen Intel(R) Core(TM) i5-11400H @ 2.70GHz, 12 cores, 15G,  Windows 11 , 64 bit Build 22621 (10.0.22621.3958)
Time: Fri Sep 27 00:00:42 2024 SE Asia Standard Time elapsed time: 748.702860 seconds (0d 0h 12m 28s)

---------------  T H R E A D  ---------------

Current thread (0x00000177cceb2900):  JavaThread "restartedMain"        [_thread_in_Java, id=24580, stack(0x0000003b6f900000,0x0000003b6fa00000) (1024K)]

Stack: [0x0000003b6f900000,0x0000003b6fa00000],  sp=0x0000003b6f9fd788,  free space=1013k
Native frames: (J=compiled Java code, j=interpreted, Vv=VM code, C=native code)
C  0x00000177f9afae50

The last pc belongs to _linkToSpecial (printed below).

siginfo: EXCEPTION_ACCESS_VIOLATION (0xc0000005), reading address 0xffffffffffffffff


Registers:
RAX=0x00000177f9ac9086, RBX=0xe112689000000000, RCX=0x0000003b6f9fd790, RDX=0x0000000000000002
RSP=0x0000003b6f9fd788, RBP=0x0000003b6f9fd7d8, RSI=0x00000177cae0f8a8, RDI=0x00000177cc801190
R8 =0x0000000000000004, R9 =0x0000000000000004, R10=0x00007ffbc7212650, R11=0x00000177850b6c70
R12=0x0000000000000000, R13=0x0000003b6f9fd788, R14=0x0000003b6f9fd7f8, R15=0x00000177cceb2900
RIP=0x00000177f9afae50, EFLAGS=0x0000000000010202


Register to memory mapping:

RAX=0x00000177f9ac9086 is at code_begin+3078 in an Interpreter codelet
return entry points  [0x00000177f9ac8480, 0x00000177f9aca298]  7704 bytes
RBX=0xe112689000000000 is an unknown value
RCX=0x0000003b6f9fd790 is pointing into the stack for thread: 0x00000177cceb2900
RDX=0x0000000000000002 is an unknown value
RSP=0x0000003b6f9fd788 is pointing into the stack for thread: 0x00000177cceb2900
RBP=0x0000003b6f9fd7d8 is pointing into the stack for thread: 0x00000177cceb2900
RSI=0x00000177cae0f8a8 points into unknown readable memory: 0x880006030c701ee4 | e4 1e 70 0c 03 06 00 88
RDI=0x00000177cc801190 points into unknown readable memory: 0x0000001800000070 | 70 00 00 00 18 00 00 00
R8 =0x0000000000000004 is an unknown value
R9 =0x0000000000000004 is an unknown value
R10=0x00007ffbc7212650 jvm.dll
R11={method} {0x00000177850b6c78} 'newInvokeSpecial' '(Ljava/lang/Object;)Ljava/lang/Object;' in 'java/lang/invoke/DirectMethodHandle$Holder'
R12=0x0 is null
R13=0x0000003b6f9fd788 is pointing into the stack for thread: 0x00000177cceb2900
R14=0x0000003b6f9fd7f8 is pointing into the stack for thread: 0x00000177cceb2900
R15=0x00000177cceb2900 is a thread

Top of Stack: (sp=0x0000003b6f9fd788)
0x0000003b6f9fd788:   00000177f9ac9086 0000003b6f9fd790
0x0000003b6f9fd798:   000001778572de87 0000000000000004
0x0000003b6f9fd7a8:   00000177850b2128 000000070605d680
0x0000003b6f9fd7b8:   0000000703c26720 00000177850b6c70
0x0000003b6f9fd7c8:   0000003b6f9fd788 0000003b6f9fd800
0x0000003b6f9fd7d8:   0000003b6f9fe858 00000177f9e82f4b
0x0000003b6f9fd7e8:   0000000708934388 0000000708934430
0x0000003b6f9fd7f8:   00000007089343e8 0000000708934198
0x0000003b6f9fd808:   00007ffbc6b64101 0000003b6f9fe858
0x0000003b6f9fd818:   00000177fa45548c 00000177ca6af101
0x0000003b6f9fd828:   00000177cc837360 0000017784d374d0
0x0000003b6f9fd838:   00007ffbc6b4440e 00000177cceb2900
0x0000003b6f9fd848:   0000017784d374d0 0000000000000000
0x0000003b6f9fd858:   0000000000000000 00000177ca77f330
0x0000003b6f9fd868:   00007ffc70c44662 00007ffc70c52c88
0x0000003b6f9fd878:   0000000703c4b7c0 000000070605d680
0x0000003b6f9fd888:   0000000708934060 0000000708934060
0x0000003b6f9fd898:   0000000708934198 0000000708934418
0x0000003b6f9fd8a8:   00000007089341f0 000000070605d680
0x0000003b6f9fd8b8:   0000000000000001 0000003b6f9fe858
0x0000003b6f9fd8c8:   0000017700000000 0000000000000000
0x0000003b6f9fd8d8:   0000000000000000 00000007089343e8
0x0000003b6f9fd8e8:   00000177f9e81bdc 0000000000000000
0x0000003b6f9fd8f8:   0000000000000000 0000000000000000
0x0000003b6f9fd908:   00000177c68c4f00 00000177cceb2900
0x0000003b6f9fd918:   0000000000000000 0000000708934198
0x0000003b6f9fd928:   0000000000000000 0000000708934060
0x0000003b6f9fd938:   0000000708934418 0000000708934198
0x0000003b6f9fd948:   0000000000000000 0000000706151900
0x0000003b6f9fd958:   00000177f9e8246c 0000003b6f9fe858
0x0000003b6f9fd968:   00000177f9e7f56a 0000000000000000
0x0000003b6f9fd978:   00000177f9dceda9 0000000000000000 

Instructions: (pc=0x00000177f9afae50)
0x00000177f9afad50:   bf e0 05 00 00 00 74 03 ff 63 38 ff 63 50 e9 9d
0x00000177f9afad60:   16 00 00 66 66 66 0f 1f 84 00 00 00 00 00 66 66
0x00000177f9afad70:   66 90 66 66 0f 1f 84 00 00 00 00 00 66 66 66 90
0x00000177f9afad80:   48 8b 53 08 0f b7 52 2e 48 8b 0c d4 58 5b 50 44
0x00000177f9afad90:   8b 51 08 49 bb 00 00 00 85 77 01 00 00 4d 03 d3
0x00000177f9afada0:   4c 8b 5b 10 4b 8b 9c da c8 01 00 00 48 85 db 0f
0x00000177f9afadb0:   84 10 00 00 00 41 80 bf e0 05 00 00 00 74 03 ff
0x00000177f9afadc0:   63 38 ff 63 50 e9 36 16 00 00 66 66 66 0f 1f 84
0x00000177f9afadd0:   00 00 00 00 00 66 66 66 90 0f 1f 80 00 00 00 00
0x00000177f9afade0:   58 5b 50 8b 5b 24 48 c1 e3 03 48 8b 5b 10 48 85
0x00000177f9afadf0:   db 0f 84 10 00 00 00 41 80 bf e0 05 00 00 00 74
0x00000177f9afae00:   03 ff 63 38 ff 63 50 e9 f4 15 00 00 66 66 66 0f
0x00000177f9afae10:   1f 84 00 00 00 00 00 66 66 66 90 0f 1f 44 00 00
0x00000177f9afae20:   48 8b 53 08 0f b7 52 2e 48 8b 0c d4 58 5b 50 48
0x00000177f9afae30:   3b 01 8b 5b 24 48 c1 e3 03 48 8b 5b 10 48 85 db
0x00000177f9afae40:   0f 84 10 00 00 00 41 80 bf e0 05 00 00 00 74 03
0x00000177f9afae50:   ff 63 38 ff 63 50 e9 a5 15 00 00 0f 1f 44 00 00
0x00000177f9afae60:   48 8b 53 08 0f b7 52 2e 48 8b 0c d4 58 5b 50 44
0x00000177f9afae70:   8b 51 08 49 bb 00 00 00 85 77 01 00 00 4d 03 d3
0x00000177f9afae80:   8b 43 18 48 c1 e0 03 48 8b 40 10 48 8b 5b 10 45
0x00000177f9afae90:   8b 9a a0 00 00 00 4f 8d 9c da c8 01 00 00 4d 8d
0x00000177f9afaea0:   14 da 49 8b 1b 48 3b c3 74 15 48 85 db 0f 84 32
0x00000177f9afaeb0:   00 00 00 49 83 c3 10 49 8b 1b 48 3b c3 75 eb 45
0x00000177f9afaec0:   8b 5b 08 4b 8b 1c 1a 48 85 db 0f 84 10 00 00 00
0x00000177f9afaed0:   41 80 bf e0 05 00 00 00 74 03 ff 63 38 ff 63 50
0x00000177f9afaee0:   e9 1b 15 00 00 e9 16 12 00 00 f4 00 00 00 00 00
0x00000177f9afaef0:   00 00 00 00 00 00 00 00 00 00 00 00 00 00 00 00
0x00000177f9afaf00:   00 00 00 00 00 00 00 00 00 00 00 00 00 00 00 00
0x00000177f9afaf10:   00 00 00 00 00 00 00 00 00 00 00 00 00 00 00 00
0x00000177f9afaf20:   00 00 00 00 00 00 00 00 00 00 00 00 00 00 00 00
0x00000177f9afaf30:   00 00 00 00 00 00 00 00 00 00 00 00 00 00 00 00
0x00000177f9afaf40:   00 00 00 00 00 00 00 00 00 00 00 00 00 00 00 00 


Stack slot to memory mapping:

stack at sp + 0 slots: 0x00000177f9ac9086 is at code_begin+3078 in an Interpreter codelet
return entry points  [0x00000177f9ac8480, 0x00000177f9aca298]  7704 bytes
stack at sp + 1 slots: 0x0000003b6f9fd790 is pointing into the stack for thread: 0x00000177cceb2900
stack at sp + 2 slots: 0x000001778572de87 is pointing into metadata
stack at sp + 3 slots: 0x0000000000000004 is an unknown value
stack at sp + 4 slots: 0x00000177850b2128 is pointing into metadata
stack at sp + 5 slots: 0x000000070605d680 is an oop: java.lang.Class 
{0x000000070605d680} - klass: 'java/lang/Class'
 - ---- fields (total size 14 words):
 - private volatile transient 'classRedefinedCount' 'I' @12  1 (0x00000001)
 - injected 'klass' 'J' @16  1612865158216 (0x0000017786413c48)
 - injected 'array_klass' 'J' @24  0 (0x0000000000000000)
 - injected 'oop_size' 'I' @32  14 (0x0000000e)
 - injected 'static_oop_field_count' 'I' @36  0 (0x00000000)
 - private volatile transient 'cachedConstructor' 'Ljava/lang/reflect/Constructor;' @40  null (0x00000000)
 - private transient 'name' 'Ljava/lang/String;' @44  "shop.controller.HomeController"{0x000000070401df50} (0xe0803bea)
 - private transient 'module' 'Ljava/lang/Module;' @48  a 'java/lang/Module'{0x000000070605d568} (0xe0c0baad)
 - private final 'classLoader' 'Ljava/lang/ClassLoader;' @52  a 'org/springframework/boot/devtools/restart/classloader/RestartClassLoader'{0x0000000706000000} (0xe0c00000)
 - private transient 'classData' 'Ljava/lang/Object;' @56  null (0x00000000)
 - private transient 'packageName' 'Ljava/lang/String;' @60  "shop.controller"{0x0000000704014c20} (0xe0802984)
 - private final 'componentType' 'Ljava/lang/Class;' @64  null (0x00000000)
 - private volatile transient 'reflectionData' 'Ljava/lang/ref/SoftReference;' @68  a 'java/lang/ref/SoftReference'{0x000000070605fbf0} (0xe0c0bf7e)
 - private volatile transient 'genericInfo' 'Lsun/reflect/generics/repository/ClassRepository;' @72  null (0x00000000)
 - private volatile transient 'enumConstants' '[Ljava/lang/Object;' @76  null (0x00000000)
 - private volatile transient 'enumConstantDirectory' 'Ljava/util/Map;' @80  null (0x00000000)
 - private volatile transient 'annotationData' 'Ljava/lang/Class$AnnotationData;' @84  a 'java/lang/Class$AnnotationData'{0x000000070605fc68} (0xe0c0bf8d)
 - private volatile transient 'annotationType' 'Lsun/reflect/annotation/AnnotationType;' @88  null (0x00000000)
 - transient 'classValueMap' 'Ljava/lang/ClassValue$ClassValueMap;' @92  null (0x00000000)
 - injected 'protection_domain' 'Ljava/lang/Object;' @96  a 'java/security/ProtectionDomain'{0x000000070605eb40} (0xe0c0bd68)
 - injected 'signers_name' 'Ljava/lang/Object;' @100  null (0x00000000)
 - injected 'source_file' 'Ljava/lang/Object;' @104  null (0x00000000)
 - signature: Lshop/controller/HomeController;
 - ---- static fields (0):
stack at sp + 6 slots: 0x0000000703c26720 is an oop: java.lang.Class 
{0x0000000703c26720} - klass: 'java/lang/Class'
 - ---- fields (total size 14 words):
 - private volatile transient 'classRedefinedCount' 'I' @12  0 (0x00000000)
 - injected 'klass' 'J' @16  1612844834040 (0x00000177850b1cf8)
 - injected 'array_klass' 'J' @24  0 (0x0000000000000000)
 - injected 'oop_size' 'I' @32  14 (0x0000000e)
 - injected 'static_oop_field_count' 'I' @36  0 (0x00000000)
 - private volatile transient 'cachedConstructor' 'Ljava/lang/reflect/Constructor;' @40  null (0x00000000)
 - private transient 'name' 'Ljava/lang/String;' @44  null (0x00000000)
 - private transient 'module' 'Ljava/lang/Module;' @48  a 'java/lang/Module'{0x0000000703c4b838} (0xe0789707)
 - private final 'classLoader' 'Ljava/lang/ClassLoader;' @52  null (0x00000000)
 - private transient 'classData' 'Ljava/lang/Object;' @56  null (0x00000000)
 - private transient 'packageName' 'Ljava/lang/String;' @60  null (0x00000000)
 - private final 'componentType' 'Ljava/lang/Class;' @64  null (0x00000000)
 - private volatile transient 'reflectionData' 'Ljava/lang/ref/SoftReference;' @68  null (0x00000000)
 - private volatile transient 'genericInfo' 'Lsun/reflect/generics/repository/ClassRepository;' @72  null (0x00000000)
 - private volatile transient 'enumConstants' '[Ljava/lang/Object;' @76  null (0x00000000)
 - private volatile transient 'enumConstantDirectory' 'Ljava/util/Map;' @80  null (0x00000000)
 - private volatile transient 'annotationData' 'Ljava/lang/Class$AnnotationData;' @84  null (0x00000000)
 - private volatile transient 'annotationType' 'Lsun/reflect/annotation/AnnotationType;' @88  null (0x00000000)
 - transient 'classValueMap' 'Ljava/lang/ClassValue$ClassValueMap;' @92  null (0x00000000)
 - injected 'protection_domain' 'Ljava/lang/Object;' @96  null (0x00000000)
 - injected 'signers_name' 'Ljava/lang/Object;' @100  null (0x00000000)
 - injected 'source_file' 'Ljava/lang/Object;' @104  null (0x00000000)
 - signature: Ljava/lang/invoke/DirectMethodHandle$Holder;
 - ---- static fields (0):
stack at sp + 7 slots: {method} {0x00000177850b6c78} 'newInvokeSpecial' '(Ljava/lang/Object;)Ljava/lang/Object;' in 'java/lang/invoke/DirectMethodHandle$Holder'

MethodHandle::interpreter_entry::_linkToSpecial [0x00000177f9afae0c, 0x00000177f9afae5b] (79 bytes)
[MachCode]
  0x00000177f9afae0c: 6666 660f | 1f84 0000 | 0000 0066 | 6666 900f | 1f44 0000 | 488b 5308 | 0fb7 522e | 488b 0cd4 
  0x00000177f9afae2c: 585b 5048 | 3b01 8b5b | 2448 c1e3 | 0348 8b5b | 1048 85db | 0f84 1000 | 0000 4180 | bfe0 0500 
  0x00000177f9afae4c: 0000 7403 | ff63 38ff | 6350 e9a5 | 
[/MachCode]

---------------  P R O C E S S  ---------------

Threads class SMR info:
_java_thread_list=0x00000177cd183410, length=30, elements={
0x0000017784a82240, 0x0000017784a839a0, 0x0000017784a86ab0, 0x0000017784a878c0,
0x0000017784a8b0d0, 0x0000017784a8d140, 0x0000017784a8e620, 0x0000017784c3cab0,
0x0000017784d43ca0, 0x0000017784d44530, 0x0000017784d510f0, 0x00000177ca52d190,
0x00000177ca6d6250, 0x00000177ca6e5260, 0x00000177ca709da0, 0x00000177caede5e0,
0x00000177caec8260, 0x00000177cceb49d0, 0x00000177cceb1be0, 0x00000177cd6d3a90,
0x00000177cceb6410, 0x00000177cceb56f0, 0x00000177cceb5d80, 0x00000177cceb7130,
0x00000177cceb2900, 0x00000177cceb7e50, 0x00000177cceb5060, 0x00000177cceb2f90,
0x00000177cceb1550, 0x00000177cceb6aa0
}

Java Threads: ( => current thread )
  0x0000017784a82240 JavaThread "Reference Handler"          daemon [_thread_blocked, id=11088, stack(0x0000003b6f100000,0x0000003b6f200000) (1024K)]
  0x0000017784a839a0 JavaThread "Finalizer"                  daemon [_thread_blocked, id=10472, stack(0x0000003b6f200000,0x0000003b6f300000) (1024K)]
  0x0000017784a86ab0 JavaThread "Signal Dispatcher"          daemon [_thread_blocked, id=2736, stack(0x0000003b6f300000,0x0000003b6f400000) (1024K)]
  0x0000017784a878c0 JavaThread "Attach Listener"            daemon [_thread_blocked, id=18820, stack(0x0000003b6f400000,0x0000003b6f500000) (1024K)]
  0x0000017784a8b0d0 JavaThread "Service Thread"             daemon [_thread_blocked, id=22084, stack(0x0000003b6f500000,0x0000003b6f600000) (1024K)]
  0x0000017784a8d140 JavaThread "Monitor Deflation Thread"   daemon [_thread_blocked, id=24156, stack(0x0000003b6f600000,0x0000003b6f700000) (1024K)]
  0x0000017784a8e620 JavaThread "C1 CompilerThread0"         daemon [_thread_blocked, id=4380, stack(0x0000003b6f700000,0x0000003b6f800000) (1024K)]
  0x0000017784c3cab0 JavaThread "Common-Cleaner"             daemon [_thread_blocked, id=23592, stack(0x0000003b6f800000,0x0000003b6f900000) (1024K)]
  0x0000017784d43ca0 JavaThread "JDWP Transport Listener: dt_socket" daemon [_thread_blocked, id=20616, stack(0x0000003b6fb00000,0x0000003b6fc00000) (1024K)]
  0x0000017784d44530 JavaThread "JDWP Event Helper Thread"   daemon [_thread_blocked, id=23956, stack(0x0000003b6fc00000,0x0000003b6fd00000) (1024K)]
  0x0000017784d510f0 JavaThread "JDWP Command Reader"        daemon [_thread_in_native, id=10344, stack(0x0000003b6fd00000,0x0000003b6fe00000) (1024K)]
  0x00000177ca52d190 JavaThread "Notification Thread"        daemon [_thread_blocked, id=24660, stack(0x0000003b6fe00000,0x0000003b6ff00000) (1024K)]
  0x00000177ca6d6250 JavaThread "RMI TCP Accept-0"           daemon [_thread_in_native, id=25328, stack(0x0000003b6ff00000,0x0000003b70000000) (1024K)]
  0x00000177ca6e5260 JavaThread "RMI TCP Accept-51491"       daemon [_thread_in_native, id=23876, stack(0x0000003b70000000,0x0000003b70100000) (1024K)]
  0x00000177ca709da0 JavaThread "RMI TCP Accept-0"           daemon [_thread_in_native, id=18176, stack(0x0000003b70900000,0x0000003b70a00000) (1024K)]
  0x00000177caede5e0 JavaThread "RMI Scheduler(0)"           daemon [_thread_blocked, id=24592, stack(0x0000003b70e00000,0x0000003b70f00000) (1024K)]
  0x00000177caec8260 JavaThread "JMX server connection timeout 43" daemon [_thread_blocked, id=15128, stack(0x0000003b71000000,0x0000003b71100000) (1024K)]
  0x00000177cceb49d0 JavaThread "Live Reload Server"         daemon [_thread_in_native, id=22052, stack(0x0000003b71d00000,0x0000003b71e00000) (1024K)]
  0x00000177cceb1be0 JavaThread "DestroyJavaVM"                     [_thread_blocked, id=25404, stack(0x0000003b6e900000,0x0000003b6ea00000) (1024K)]
  0x00000177cd6d3a90 JavaThread "RMI TCP Connection(idle)"   daemon [_thread_blocked, id=25348, stack(0x0000003b6e800000,0x0000003b6e900000) (1024K)]
  0x00000177cceb6410 JavaThread "RMI TCP Connection(idle)"   daemon [_thread_blocked, id=7776, stack(0x0000003b72400000,0x0000003b72500000) (1024K)]
  0x00000177cceb56f0 JavaThread "RMI TCP Connection(idle)"   daemon [_thread_blocked, id=25456, stack(0x0000003b6e600000,0x0000003b6e700000) (1024K)]
  0x00000177cceb5d80 JavaThread "RMI TCP Connection(idle)"   daemon [_thread_blocked, id=19032, stack(0x0000003b6e700000,0x0000003b6e800000) (1024K)]
  0x00000177cceb7130 JavaThread "Thread-15"                         [_thread_blocked, id=10304, stack(0x0000003b70f00000,0x0000003b71000000) (1024K)]
=>0x00000177cceb2900 JavaThread "restartedMain"                     [_thread_in_Java, id=24580, stack(0x0000003b6f900000,0x0000003b6fa00000) (1024K)]
  0x00000177cceb7e50 JavaThread "Catalina-utility-1"                [_thread_blocked, id=9972, stack(0x0000003b6fa00000,0x0000003b6fb00000) (1024K)]
  0x00000177cceb5060 JavaThread "Catalina-utility-2"                [_thread_blocked, id=24180, stack(0x0000003b70b00000,0x0000003b70c00000) (1024K)]
  0x00000177cceb2f90 JavaThread "container-0"                       [_thread_blocked, id=25296, stack(0x0000003b71100000,0x0000003b71200000) (1024K)]
  0x00000177cceb1550 JavaThread "mssql-jdbc-shared-timer-core-4" daemon [_thread_blocked, id=25240, stack(0x0000003b71500000,0x0000003b71600000) (1024K)]
  0x00000177cceb6aa0 JavaThread "HikariPool-5 housekeeper"   daemon [_thread_blocked, id=9288, stack(0x0000003b71600000,0x0000003b71700000) (1024K)]
Total: 30

Other Threads:
  0x0000017784a60aa0 VMThread "VM Thread"                           [id=10860, stack(0x0000003b6f000000,0x0000003b6f100000) (1024K)] _threads_hazard_ptr=0x00000177cd183410
  0x0000017784a4bfd0 WatcherThread "VM Periodic Task Thread"        [id=11580, stack(0x0000003b6ef00000,0x0000003b6f000000) (1024K)]
  0x00000177f16c2590 WorkerThread "GC Thread#0"                     [id=25400, stack(0x0000003b6ea00000,0x0000003b6eb00000) (1024K)]
  0x00000177ca6ee060 WorkerThread "GC Thread#1"                     [id=2424, stack(0x0000003b70100000,0x0000003b70200000) (1024K)]
  0x00000177ca6ee400 WorkerThread "GC Thread#2"                     [id=24400, stack(0x0000003b70200000,0x0000003b70300000) (1024K)]
  0x00000177ca6ee7a0 WorkerThread "GC Thread#3"                     [id=7772, stack(0x0000003b70300000,0x0000003b70400000) (1024K)]
  0x00000177ca6eeb40 WorkerThread "GC Thread#4"                     [id=23304, stack(0x0000003b70400000,0x0000003b70500000) (1024K)]
  0x00000177ca6eeee0 WorkerThread "GC Thread#5"                     [id=5516, stack(0x0000003b70500000,0x0000003b70600000) (1024K)]
  0x00000177ca7299f0 WorkerThread "GC Thread#6"                     [id=25312, stack(0x0000003b70600000,0x0000003b70700000) (1024K)]
  0x00000177ca729d90 WorkerThread "GC Thread#7"                     [id=23884, stack(0x0000003b70700000,0x0000003b70800000) (1024K)]
  0x00000177ca72b000 WorkerThread "GC Thread#8"                     [id=24860, stack(0x0000003b70800000,0x0000003b70900000) (1024K)]
  0x00000177ca72a520 WorkerThread "GC Thread#9"                     [id=25208, stack(0x0000003b70a00000,0x0000003b70b00000) (1024K)]
  0x00000177f16d3a10 ConcurrentGCThread "G1 Main Marker"            [id=11432, stack(0x0000003b6eb00000,0x0000003b6ec00000) (1024K)]
  0x00000177f16d4410 WorkerThread "G1 Conc#0"                       [id=22500, stack(0x0000003b6ec00000,0x0000003b6ed00000) (1024K)]
  0x00000177ca72b740 WorkerThread "G1 Conc#1"                       [id=22892, stack(0x0000003b71300000,0x0000003b71400000) (1024K)]
  0x00000177ca72a8c0 WorkerThread "G1 Conc#2"                       [id=25072, stack(0x0000003b71400000,0x0000003b71500000) (1024K)]
  0x00000177849201d0 ConcurrentGCThread "G1 Refine#0"               [id=2420, stack(0x0000003b6ed00000,0x0000003b6ee00000) (1024K)]
  0x0000017784920c40 ConcurrentGCThread "G1 Service"                [id=20152, stack(0x0000003b6ee00000,0x0000003b6ef00000) (1024K)]
Total: 18

Threads with active compile tasks:
Total: 0

VM state: synchronizing (normal execution)

VM Mutex/Monitor currently owned by a thread:  ([mutex/lock_event])
[0x00007ffbc7202da8] Threads_lock - owner thread: 0x0000017784a60aa0

Heap address: 0x0000000703a00000, size: 4038 MB, Compressed Oops mode: Zero based, Oop shift amount: 3

CDS archive(s) mapped at: [0x0000017785000000-0x0000017785c90000-0x0000017785c90000), size 13172736, SharedBaseAddress: 0x0000017785000000, ArchiveRelocationMode: 1.
Compressed class space mapped at: 0x0000017786000000-0x00000177c6000000, reserved size: 1073741824
Narrow klass base: 0x0000017785000000, Narrow klass shift: 0, Narrow klass range: 0x100000000

GC Precious Log:
 CardTable entry size: 512
 Card Set container configuration: InlinePtr #cards 4 size 8 Array Of Cards #cards 16 size 48 Howl #buckets 8 coarsen threshold 3686 Howl Bitmap #cards 512 size 80 coarsen threshold 460 Card regions per heap region 1 cards per card region 4096
 CPUs: 12 total, 12 available
 Memory: 16147M
 Large Page Support: Disabled
 NUMA Support: Disabled
 Compressed Oops: Enabled (Zero based)
 Heap Region Size: 2M
 Heap Min Capacity: 8M
 Heap Initial Capacity: 254M
 Heap Max Capacity: 4038M
 Pre-touch: Disabled
 Parallel Workers: 10
 Concurrent Workers: 3
 Concurrent Refinement Workers: 10
 Periodic GC: Disabled

Heap:
 garbage-first heap   total 83968K, used 33284K [0x0000000703a00000, 0x0000000800000000)
  region size 2048K, 6 young (12288K), 2 survivors (4096K)
 Metaspace       used 62868K, committed 63616K, reserved 1114112K
  class space    used 8368K, committed 8704K, reserved 1048576K

Heap Regions: E=young(eden), S=young(survivor), O=old, HS=humongous(starts), HC=humongous(continues), CS=collection set, F=free, TAMS=top-at-mark-start, PB=parsable bottom
|   0|0x0000000703a00000, 0x0000000703c00000, 0x0000000703c00000|100%| O|  |TAMS 0x0000000703a00000| PB 0x0000000703a00000| Untracked 
|   1|0x0000000703c00000, 0x0000000703dffff0, 0x0000000703e00000| 99%| O|  |TAMS 0x0000000703c00000| PB 0x0000000703c00000| Untracked 
|   2|0x0000000703e00000, 0x0000000704000000, 0x0000000704000000|100%| O|  |TAMS 0x0000000703e00000| PB 0x0000000703e00000| Untracked 
|   3|0x0000000704000000, 0x00000007041ffe30, 0x0000000704200000| 99%| O|  |TAMS 0x0000000704000000| PB 0x0000000704000000| Untracked 
|   4|0x0000000704200000, 0x00000007043ff7a0, 0x0000000704400000| 99%| O|  |TAMS 0x0000000704200000| PB 0x0000000704200000| Untracked 
|   5|0x0000000704400000, 0x0000000704600000, 0x0000000704600000|100%| O|  |TAMS 0x0000000704400000| PB 0x0000000704400000| Untracked 
|   6|0x0000000704600000, 0x00000007047fffd0, 0x0000000704800000| 99%| O|  |TAMS 0x0000000704600000| PB 0x0000000704600000| Untracked 
|   7|0x0000000704800000, 0x00000007049fffe8, 0x0000000704a00000| 99%| O|  |TAMS 0x0000000704800000| PB 0x0000000704800000| Untracked 
|   8|0x0000000704a00000, 0x0000000704bff250, 0x0000000704c00000| 99%| O|  |TAMS 0x0000000704a00000| PB 0x0000000704a00000| Untracked 
|   9|0x0000000704c00000, 0x0000000704dffff8, 0x0000000704e00000| 99%| O|  |TAMS 0x0000000704c00000| PB 0x0000000704c00000| Untracked 
|  10|0x0000000704e00000, 0x0000000704eaaa70, 0x0000000705000000| 33%| O|  |TAMS 0x0000000704e00000| PB 0x0000000704e00000| Untracked 
|  11|0x0000000705000000, 0x00000007050b3328, 0x0000000705200000| 34%| O|  |TAMS 0x0000000705000000| PB 0x0000000705000000| Untracked 
|  12|0x0000000705200000, 0x0000000705291e98, 0x0000000705400000| 28%| O|  |TAMS 0x0000000705200000| PB 0x0000000705200000| Untracked 
|  13|0x0000000705400000, 0x00000007054f8a08, 0x0000000705600000| 48%| O|  |TAMS 0x0000000705400000| PB 0x0000000705400000| Untracked 
|  14|0x0000000705600000, 0x0000000705600000, 0x0000000705800000|  0%| F|  |TAMS 0x0000000705600000| PB 0x0000000705600000| Untracked 
|  15|0x0000000705800000, 0x0000000705800000, 0x0000000705a00000|  0%| F|  |TAMS 0x0000000705800000| PB 0x0000000705800000| Untracked 
|  16|0x0000000705a00000, 0x0000000705a00000, 0x0000000705c00000|  0%| F|  |TAMS 0x0000000705a00000| PB 0x0000000705a00000| Untracked 
|  17|0x0000000705c00000, 0x0000000705c00000, 0x0000000705e00000|  0%| F|  |TAMS 0x0000000705c00000| PB 0x0000000705c00000| Untracked 
|  18|0x0000000705e00000, 0x0000000705f9a2e0, 0x0000000706000000| 80%| S|CS|TAMS 0x0000000705e00000| PB 0x0000000705e00000| Complete 
|  19|0x0000000706000000, 0x0000000706200000, 0x0000000706200000|100%| S|CS|TAMS 0x0000000706000000| PB 0x0000000706000000| Complete 
|  20|0x0000000706200000, 0x0000000706200000, 0x0000000706400000|  0%| F|  |TAMS 0x0000000706200000| PB 0x0000000706200000| Untracked 
|  21|0x0000000706400000, 0x0000000706400000, 0x0000000706600000|  0%| F|  |TAMS 0x0000000706400000| PB 0x0000000706400000| Untracked 
|  22|0x0000000706600000, 0x0000000706600000, 0x0000000706800000|  0%| F|  |TAMS 0x0000000706600000| PB 0x0000000706600000| Untracked 
|  23|0x0000000706800000, 0x0000000706800000, 0x0000000706a00000|  0%| F|  |TAMS 0x0000000706800000| PB 0x0000000706800000| Untracked 
|  24|0x0000000706a00000, 0x0000000706a00000, 0x0000000706c00000|  0%| F|  |TAMS 0x0000000706a00000| PB 0x0000000706a00000| Untracked 
|  25|0x0000000706c00000, 0x0000000706c00000, 0x0000000706e00000|  0%| F|  |TAMS 0x0000000706c00000| PB 0x0000000706c00000| Untracked 
|  26|0x0000000706e00000, 0x0000000706e00000, 0x0000000707000000|  0%| F|  |TAMS 0x0000000706e00000| PB 0x0000000706e00000| Untracked 
|  27|0x0000000707000000, 0x0000000707000000, 0x0000000707200000|  0%| F|  |TAMS 0x0000000707000000| PB 0x0000000707000000| Untracked 
|  28|0x0000000707200000, 0x0000000707200000, 0x0000000707400000|  0%| F|  |TAMS 0x0000000707200000| PB 0x0000000707200000| Untracked 
|  29|0x0000000707400000, 0x0000000707400000, 0x0000000707600000|  0%| F|  |TAMS 0x0000000707400000| PB 0x0000000707400000| Untracked 
|  30|0x0000000707600000, 0x0000000707600000, 0x0000000707800000|  0%| F|  |TAMS 0x0000000707600000| PB 0x0000000707600000| Untracked 
|  31|0x0000000707800000, 0x0000000707800000, 0x0000000707a00000|  0%| F|  |TAMS 0x0000000707800000| PB 0x0000000707800000| Untracked 
|  32|0x0000000707a00000, 0x0000000707a00000, 0x0000000707c00000|  0%| F|  |TAMS 0x0000000707a00000| PB 0x0000000707a00000| Untracked 
|  33|0x0000000707c00000, 0x0000000707c00000, 0x0000000707e00000|  0%| F|  |TAMS 0x0000000707c00000| PB 0x0000000707c00000| Untracked 
|  34|0x0000000707e00000, 0x0000000707e00000, 0x0000000708000000|  0%| F|  |TAMS 0x0000000707e00000| PB 0x0000000707e00000| Untracked 
|  35|0x0000000708000000, 0x0000000708000000, 0x0000000708200000|  0%| F|  |TAMS 0x0000000708000000| PB 0x0000000708000000| Untracked 
|  36|0x0000000708200000, 0x0000000708200000, 0x0000000708400000|  0%| F|  |TAMS 0x0000000708200000| PB 0x0000000708200000| Untracked 
|  37|0x0000000708400000, 0x00000007084c2970, 0x0000000708600000| 38%| E|  |TAMS 0x0000000708400000| PB 0x0000000708400000| Complete 
|  38|0x0000000708600000, 0x0000000708800000, 0x0000000708800000|100%| E|CS|TAMS 0x0000000708600000| PB 0x0000000708600000| Complete 
|  39|0x0000000708800000, 0x0000000708a00000, 0x0000000708a00000|100%| E|CS|TAMS 0x0000000708800000| PB 0x0000000708800000| Complete 
|2018|0x00000007ffe00000, 0x0000000800000000, 0x0000000800000000|100%| E|CS|TAMS 0x00000007ffe00000| PB 0x00000007ffe00000| Complete 

Card table byte_map: [0x00000177fd5e0000,0x00000177fddd0000] _byte_map_base: 0x00000177f9dc3000

Marking Bits: (CMBitMap*) 0x00000177f16c2b90
 Bits: [0x0000017780000000, 0x0000017783f18000)

Polling page: 0x00000177ef620000

Metaspace:

Usage:
  Non-class:     53.22 MB used.
      Class:      8.17 MB used.
       Both:     61.40 MB used.

Virtual space:
  Non-class space:       64.00 MB reserved,      53.62 MB ( 84%) committed,  1 nodes.
      Class space:        1.00 GB reserved,       8.50 MB ( <1%) committed,  1 nodes.
             Both:        1.06 GB reserved,      62.12 MB (  6%) committed. 

Chunk freelists:
   Non-Class:  10.25 MB
       Class:  7.38 MB
        Both:  17.63 MB

MaxMetaspaceSize: unlimited
CompressedClassSpaceSize: 1.00 GB
Initial GC threshold: 21.00 MB
Current GC threshold: 103.38 MB
CDS: on
 - commit_granule_bytes: 65536.
 - commit_granule_words: 8192.
 - virtual_space_node_default_size: 8388608.
 - enlarge_chunks_in_place: 1.
 - use_allocation_guard: 0.


Internal statistics:

num_allocs_failed_limit: 6.
num_arena_births: 1936.
num_arena_deaths: 1100.
num_vsnodes_births: 2.
num_vsnodes_deaths: 0.
num_space_committed: 994.
num_space_uncommitted: 0.
num_chunks_returned_to_freelist: 1388.
num_chunks_taken_from_freelist: 4528.
num_chunk_merges: 293.
num_chunk_splits: 2676.
num_chunks_enlarged: 1833.
num_inconsistent_stats: 0.

CodeCache: size=49152Kb used=17404Kb max_used=19471Kb free=31747Kb
 bounds [0x00000177f9ac0000, 0x00000177fae10000, 0x00000177fcac0000]
 total_blobs=8995 nmethods=8289 adapters=628
 compilation: enabled
              stopped_count=0, restarted_count=0
 full_count=0

Compilation events (20 events):
Event: 725.496 Thread 0x00000177ca8c1db0 9955       1       com.microsoft.sqlserver.jdbc.PrepareMethod::toString (5 bytes)
Event: 725.496 Thread 0x0000017784a8e620 9956       1       java.net.InetSocketAddress::isUnresolved (8 bytes)
Event: 725.496 Thread 0x00000177ca8be730 9957       1       java.net.InetSocketAddress$InetSocketAddressHolder::isUnresolved (13 bytes)
Event: 725.496 Thread 0x00000177ca8bee00 9958       1       java.net.InetSocketAddress::getAddress (8 bytes)
Event: 725.496 Thread 0x00000177ca8c1db0 nmethod 9955 0x00000177fa4a9910 code [0x00000177fa4a9aa0, 0x00000177fa4a9b70]
Event: 725.496 Thread 0x00000177ca8be730 nmethod 9957 0x00000177fa4aaa10 code [0x00000177fa4aaba0, 0x00000177fa4aac80]
Event: 725.496 Thread 0x0000017784a8e620 nmethod 9956 0x00000177fa4fac10 code [0x00000177fa4fada0, 0x00000177fa4fae90]
Event: 725.496 Thread 0x00000177ca8bee00 nmethod 9958 0x00000177fa507c10 code [0x00000177fa507da0, 0x00000177fa507e78]
Event: 725.497 Thread 0x00000177ca8c1db0 9959       1       java.lang.System::getProperty (26 bytes)
Event: 725.497 Thread 0x00000177ca8be730 9960       1       java.lang.Long::fastUUID (224 bytes)
Event: 725.497 Thread 0x00000177ca8c1db0 nmethod 9959 0x00000177fa22f490 code [0x00000177fa22f680, 0x00000177fa22f928]
Event: 725.497 Thread 0x00000177ca8be730 nmethod 9960 0x00000177f9d1f210 code [0x00000177f9d1f3e0, 0x00000177f9d1f6f8]
Event: 725.506 Thread 0x00000177ca8c1db0 9962       1       sun.security.util.math.IntegerModuloP$MultiplicativeInverser::of (37 bytes)
Event: 725.506 Thread 0x00000177ca8be730 9961       1       sun.security.util.math.IntegerModuloP::multiplicativeInverse (21 bytes)
Event: 725.506 Thread 0x00000177ca8be730 nmethod 9961 0x00000177fa117a10 code [0x00000177fa117bc0, 0x00000177fa117d28]
Event: 725.506 Thread 0x00000177ca8c1db0 nmethod 9962 0x00000177fa773510 code [0x00000177fa773700, 0x00000177fa773a38]
Event: 725.546 Thread 0x00000177ca8c1db0 9963   !   1       sun.security.x509.AlgorithmId::<init> (48 bytes)
Event: 725.546 Thread 0x00000177ca8c1db0 nmethod 9963 0x00000177fa402210 code [0x00000177fa402400, 0x00000177fa4027e8]
Event: 725.556 Thread 0x00000177ca8c1db0 9964       1       sun.security.provider.SHA5::<init> (27 bytes)
Event: 725.556 Thread 0x00000177ca8c1db0 nmethod 9964 0x00000177fa483f90 code [0x00000177fa484140, 0x00000177fa484590]

GC Heap History (20 events):
Event: 358.361 GC heap before
{Heap before GC invocations=24 (full 1):
 garbage-first heap   total 83968K, used 64768K [0x0000000703a00000, 0x0000000800000000)
  region size 2048K, 20 young (40960K), 3 survivors (6144K)
 Metaspace       used 62308K, committed 63040K, reserved 1114112K
  class space    used 8339K, committed 8704K, reserved 1048576K
}
Event: 358.364 GC heap after
{Heap after GC invocations=25 (full 1):
 garbage-first heap   total 83968K, used 32998K [0x0000000703a00000, 0x0000000800000000)
  region size 2048K, 1 young (2048K), 1 survivors (2048K)
 Metaspace       used 62308K, committed 63040K, reserved 1114112K
  class space    used 8339K, committed 8704K, reserved 1048576K
}
Event: 471.345 GC heap before
{Heap before GC invocations=25 (full 1):
 garbage-first heap   total 83968K, used 69862K [0x0000000703a00000, 0x0000000800000000)
  region size 2048K, 19 young (38912K), 1 survivors (2048K)
 Metaspace       used 62309K, committed 63040K, reserved 1114112K
  class space    used 8341K, committed 8704K, reserved 1048576K
}
Event: 471.347 GC heap after
{Heap after GC invocations=26 (full 1):
 garbage-first heap   total 83968K, used 32311K [0x0000000703a00000, 0x0000000800000000)
  region size 2048K, 1 young (2048K), 1 survivors (2048K)
 Metaspace       used 62309K, committed 63040K, reserved 1114112K
  class space    used 8341K, committed 8704K, reserved 1048576K
}
Event: 472.634 GC heap before
{Heap before GC invocations=26 (full 1):
 garbage-first heap   total 83968K, used 34359K [0x0000000703a00000, 0x0000000800000000)
  region size 2048K, 3 young (6144K), 1 survivors (2048K)
 Metaspace       used 62346K, committed 63104K, reserved 1114112K
  class space    used 8347K, committed 8704K, reserved 1048576K
}
Event: 472.708 GC heap after
{Heap after GC invocations=27 (full 2):
 garbage-first heap   total 83968K, used 21751K [0x0000000703a00000, 0x0000000800000000)
  region size 2048K, 0 young (0K), 0 survivors (0K)
 Metaspace       used 62041K, committed 63104K, reserved 1114112K
  class space    used 8272K, committed 8704K, reserved 1048576K
}
Event: 474.315 GC heap before
{Heap before GC invocations=27 (full 2):
 garbage-first heap   total 83968K, used 68855K [0x0000000703a00000, 0x0000000800000000)
  region size 2048K, 24 young (49152K), 0 survivors (0K)
 Metaspace       used 62290K, committed 63104K, reserved 1114112K
  class space    used 8319K, committed 8704K, reserved 1048576K
}
Event: 474.318 GC heap after
{Heap after GC invocations=28 (full 2):
 garbage-first heap   total 83968K, used 26521K [0x0000000703a00000, 0x0000000800000000)
  region size 2048K, 3 young (6144K), 3 survivors (6144K)
 Metaspace       used 62290K, committed 63104K, reserved 1114112K
  class space    used 8319K, committed 8704K, reserved 1048576K
}
Event: 512.046 GC heap before
{Heap before GC invocations=28 (full 2):
 garbage-first heap   total 83968K, used 65433K [0x0000000703a00000, 0x0000000800000000)
  region size 2048K, 22 young (45056K), 3 survivors (6144K)
 Metaspace       used 62557K, committed 63296K, reserved 1114112K
  class space    used 8359K, committed 8704K, reserved 1048576K
}
Event: 512.050 GC heap after
{Heap after GC invocations=29 (full 2):
 garbage-first heap   total 83968K, used 31616K [0x0000000703a00000, 0x0000000800000000)
  region size 2048K, 3 young (6144K), 3 survivors (6144K)
 Metaspace       used 62557K, committed 63296K, reserved 1114112K
  class space    used 8359K, committed 8704K, reserved 1048576K
}
Event: 628.084 GC heap before
{Heap before GC invocations=29 (full 2):
 garbage-first heap   total 83968K, used 64384K [0x0000000703a00000, 0x0000000800000000)
  region size 2048K, 19 young (38912K), 3 survivors (6144K)
 Metaspace       used 62557K, committed 63296K, reserved 1114112K
  class space    used 8359K, committed 8704K, reserved 1048576K
}
Event: 628.087 GC heap after
{Heap after GC invocations=30 (full 2):
 garbage-first heap   total 83968K, used 32475K [0x0000000703a00000, 0x0000000800000000)
  region size 2048K, 1 young (2048K), 1 survivors (2048K)
 Metaspace       used 62557K, committed 63296K, reserved 1114112K
  class space    used 8359K, committed 8704K, reserved 1048576K
}
Event: 711.595 GC heap before
{Heap before GC invocations=30 (full 2):
 garbage-first heap   total 83968K, used 55003K [0x0000000703a00000, 0x0000000800000000)
  region size 2048K, 13 young (26624K), 1 survivors (2048K)
 Metaspace       used 62574K, committed 63296K, reserved 1114112K
  class space    used 8360K, committed 8704K, reserved 1048576K
}
Event: 711.628 GC heap after
{Heap after GC invocations=31 (full 3):
 garbage-first heap   total 83968K, used 21872K [0x0000000703a00000, 0x0000000800000000)
  region size 2048K, 0 young (0K), 0 survivors (0K)
 Metaspace       used 62298K, committed 63296K, reserved 1114112K
  class space    used 8293K, committed 8704K, reserved 1048576K
}
Event: 712.669 GC heap before
{Heap before GC invocations=31 (full 3):
 garbage-first heap   total 83968K, used 66928K [0x0000000703a00000, 0x0000000800000000)
  region size 2048K, 23 young (47104K), 0 survivors (0K)
 Metaspace       used 62490K, committed 63296K, reserved 1114112K
  class space    used 8335K, committed 8704K, reserved 1048576K
}
Event: 712.672 GC heap after
{Heap after GC invocations=32 (full 3):
 garbage-first heap   total 83968K, used 26764K [0x0000000703a00000, 0x0000000800000000)
  region size 2048K, 3 young (6144K), 3 survivors (6144K)
 Metaspace       used 62490K, committed 63296K, reserved 1114112K
  class space    used 8335K, committed 8704K, reserved 1048576K
}
Event: 724.606 GC heap before
{Heap before GC invocations=32 (full 3):
 garbage-first heap   total 83968K, used 57484K [0x0000000703a00000, 0x0000000800000000)
  region size 2048K, 19 young (38912K), 3 survivors (6144K)
 Metaspace       used 62808K, committed 63488K, reserved 1114112K
  class space    used 8376K, committed 8704K, reserved 1048576K
}
Event: 724.641 GC heap after
{Heap after GC invocations=33 (full 4):
 garbage-first heap   total 83968K, used 23451K [0x0000000703a00000, 0x0000000800000000)
  region size 2048K, 0 young (0K), 0 survivors (0K)
 Metaspace       used 62712K, committed 63488K, reserved 1114112K
  class space    used 8354K, committed 8704K, reserved 1048576K
}
Event: 725.082 GC heap before
{Heap before GC invocations=33 (full 4):
 garbage-first heap   total 83968K, used 66459K [0x0000000703a00000, 0x0000000800000000)
  region size 2048K, 21 young (43008K), 0 survivors (0K)
 Metaspace       used 62750K, committed 63488K, reserved 1114112K
  class space    used 8361K, committed 8704K, reserved 1048576K
}
Event: 725.084 GC heap after
{Heap after GC invocations=34 (full 4):
 garbage-first heap   total 83968K, used 27140K [0x0000000703a00000, 0x0000000800000000)
  region size 2048K, 2 young (4096K), 2 survivors (4096K)
 Metaspace       used 62750K, committed 63488K, reserved 1114112K
  class space    used 8361K, committed 8704K, reserved 1048576K
}

Dll operation events (13 events):
Event: 0.128 Loaded shared library D:\JavaWork\jdk-21_windows-x64_bin\jdk-21.0.3\bin\java.dll
Event: 0.359 Loaded shared library D:\JavaWork\jdk-21_windows-x64_bin\jdk-21.0.3\bin\zip.dll
Event: 0.363 Loaded shared library D:\JavaWork\jdk-21_windows-x64_bin\jdk-21.0.3\bin\instrument.dll
Event: 0.366 Loaded shared library D:\JavaWork\jdk-21_windows-x64_bin\jdk-21.0.3\bin\net.dll
Event: 0.366 Loaded shared library D:\JavaWork\jdk-21_windows-x64_bin\jdk-21.0.3\bin\nio.dll
Event: 0.368 Loaded shared library D:\JavaWork\jdk-21_windows-x64_bin\jdk-21.0.3\bin\zip.dll
Event: 0.450 Loaded shared library D:\JavaWork\jdk-21_windows-x64_bin\jdk-21.0.3\bin\jimage.dll
Event: 0.484 Loaded shared library D:\JavaWork\jdk-21_windows-x64_bin\jdk-21.0.3\bin\management.dll
Event: 0.492 Loaded shared library D:\JavaWork\jdk-21_windows-x64_bin\jdk-21.0.3\bin\management_ext.dll
Event: 0.673 Loaded shared library D:\JavaWork\jdk-21_windows-x64_bin\jdk-21.0.3\bin\extnet.dll
Event: 0.705 Loaded shared library D:\JavaWork\jdk-21_windows-x64_bin\jdk-21.0.3\bin\verify.dll
Event: 1.454 Loaded shared library D:\JavaWork\jdk-21_windows-x64_bin\jdk-21.0.3\bin\sunmscapi.dll
Event: 2.184 Loaded shared library D:\JavaWork\apache-tomcat-10.1.24\bin\tcnative-2.dll

Deoptimization events (20 events):
Event: 725.175 Thread 0x00000177cceb0ec0 DEOPT PACKING pc=0x00000177fad3bf41 sp=0x0000003b718fdc50
Event: 725.175 Thread 0x00000177cceb0ec0 DEOPT UNPACKING pc=0x00000177f9b188e2 sp=0x0000003b718fd118 mode 1
Event: 725.222 Thread 0x00000177cceb0ec0 DEOPT PACKING pc=0x00000177fad3bf41 sp=0x0000003b718fdc50
Event: 725.222 Thread 0x00000177cceb0ec0 DEOPT UNPACKING pc=0x00000177f9b188e2 sp=0x0000003b718fd118 mode 1
Event: 725.271 Thread 0x00000177cceb0ec0 DEOPT PACKING pc=0x00000177fad3bf41 sp=0x0000003b718fdc50
Event: 725.271 Thread 0x00000177cceb0ec0 DEOPT UNPACKING pc=0x00000177f9b188e2 sp=0x0000003b718fd118 mode 1
Event: 725.319 Thread 0x00000177cceb0ec0 DEOPT PACKING pc=0x00000177fad3bf41 sp=0x0000003b718fdc50
Event: 725.319 Thread 0x00000177cceb0ec0 DEOPT UNPACKING pc=0x00000177f9b188e2 sp=0x0000003b718fd118 mode 1
Event: 725.366 Thread 0x00000177cceb0ec0 DEOPT PACKING pc=0x00000177fad3bf41 sp=0x0000003b718fdc50
Event: 725.366 Thread 0x00000177cceb0ec0 DEOPT UNPACKING pc=0x00000177f9b188e2 sp=0x0000003b718fd118 mode 1
Event: 725.412 Thread 0x00000177cceb0ec0 DEOPT PACKING pc=0x00000177fad3bf41 sp=0x0000003b718fdc50
Event: 725.412 Thread 0x00000177cceb0ec0 DEOPT UNPACKING pc=0x00000177f9b188e2 sp=0x0000003b718fd118 mode 1
Event: 725.460 Thread 0x00000177cceb0ec0 DEOPT PACKING pc=0x00000177fad3bf41 sp=0x0000003b718fdc50
Event: 725.460 Thread 0x00000177cceb0ec0 DEOPT UNPACKING pc=0x00000177f9b188e2 sp=0x0000003b718fd118 mode 1
Event: 725.507 Thread 0x00000177cceb0ec0 DEOPT PACKING pc=0x00000177fad3bf41 sp=0x0000003b718fdc50
Event: 725.507 Thread 0x00000177cceb0ec0 DEOPT UNPACKING pc=0x00000177f9b188e2 sp=0x0000003b718fd118 mode 1
Event: 725.556 Thread 0x00000177cceb0ec0 DEOPT PACKING pc=0x00000177fad3bf41 sp=0x0000003b718fdc50
Event: 725.556 Thread 0x00000177cceb0ec0 DEOPT UNPACKING pc=0x00000177f9b188e2 sp=0x0000003b718fd118 mode 1
Event: 748.667 Thread 0x00000177cceb2900 DEOPT PACKING pc=0x00000177f9e84eb4 sp=0x0000003b6f9fd790
Event: 748.667 Thread 0x00000177cceb2900 DEOPT UNPACKING pc=0x00000177f9b188e2 sp=0x0000003b6f9fcc48 mode 0

Classes loaded (20 events):
Event: 222.394 Loading class java/util/concurrent/locks/AbstractQueuedSynchronizer$SharedNode
Event: 222.394 Loading class java/util/concurrent/locks/AbstractQueuedSynchronizer$SharedNode done
Event: 222.398 Loading class java/util/AbstractMap$2
Event: 222.398 Loading class java/util/AbstractMap$2 done
Event: 222.399 Loading class java/util/AbstractMap$2$1
Event: 222.399 Loading class java/util/AbstractMap$2$1 done
Event: 222.440 Loading class java/lang/ref/Finalizer$2
Event: 222.441 Loading class java/lang/ref/Finalizer$2 done
Event: 222.442 Loading class java/lang/ref/Finalizer$1
Event: 222.442 Loading class java/lang/ref/Finalizer$1 done
Event: 224.227 Loading class java/time/DurationEditor
Event: 224.227 Loading class java/time/DurationEditor done
Event: 472.630 Loading class java/io/FileOutputStream$1
Event: 472.630 Loading class java/io/FileOutputStream$1 done
Event: 474.229 Loading class java/io/InvalidClassException
Event: 474.229 Loading class java/io/InvalidClassException done
Event: 474.329 Loading class java/time/DurationEditor
Event: 474.329 Loading class java/time/DurationEditor done
Event: 712.691 Loading class java/time/DurationEditor
Event: 712.691 Loading class java/time/DurationEditor done

Classes unloaded (20 events):
Event: 724.614 Thread 0x0000017784a60aa0 Unloading class 0x000001778688c000 'java/lang/invoke/LambdaForm$MH+0x000001778688c000'
Event: 724.614 Thread 0x0000017784a60aa0 Unloading class 0x00000177867bec00 'java/lang/invoke/LambdaForm$MH+0x00000177867bec00'
Event: 724.614 Thread 0x0000017784a60aa0 Unloading class 0x0000017786784400 'java/lang/invoke/LambdaForm$MH+0x0000017786784400'
Event: 724.614 Thread 0x0000017784a60aa0 Unloading class 0x0000017786702000 'java/lang/invoke/LambdaForm$MH+0x0000017786702000'
Event: 724.614 Thread 0x0000017784a60aa0 Unloading class 0x00000177864f5800 'java/lang/invoke/LambdaForm$MH+0x00000177864f5800'
Event: 724.614 Thread 0x0000017784a60aa0 Unloading class 0x0000017786440c00 'java/lang/invoke/LambdaForm$MH+0x0000017786440c00'
Event: 724.614 Thread 0x0000017784a60aa0 Unloading class 0x0000017786185800 'org/apache/catalina/loader/JdbcLeakPrevention'
Event: 724.614 Thread 0x0000017784a60aa0 Unloading class 0x0000017786379c00 'java/lang/invoke/LambdaForm$MH+0x0000017786379c00'
Event: 724.614 Thread 0x0000017784a60aa0 Unloading class 0x00000177862fc800 'java/lang/invoke/LambdaForm$MH+0x00000177862fc800'
Event: 724.614 Thread 0x0000017784a60aa0 Unloading class 0x00000177862c4800 'java/lang/invoke/LambdaForm$MH+0x00000177862c4800'
Event: 724.614 Thread 0x0000017784a60aa0 Unloading class 0x00000177861a6400 'java/lang/invoke/LambdaForm$MH+0x00000177861a6400'
Event: 724.614 Thread 0x0000017784a60aa0 Unloading class 0x000001778618a000 'java/lang/invoke/LambdaForm$MH+0x000001778618a000'
Event: 724.614 Thread 0x0000017784a60aa0 Unloading class 0x0000017786186800 'java/lang/invoke/LambdaForm$MH+0x0000017786186800'
Event: 724.614 Thread 0x0000017784a60aa0 Unloading class 0x0000017786139000 'java/lang/invoke/LambdaForm$MH+0x0000017786139000'
Event: 724.614 Thread 0x0000017784a60aa0 Unloading class 0x00000177860c3000 'java/lang/invoke/LambdaForm$MH+0x00000177860c3000'
Event: 724.614 Thread 0x0000017784a60aa0 Unloading class 0x00000177860c1000 'java/lang/invoke/LambdaForm$MH+0x00000177860c1000'
Event: 724.614 Thread 0x0000017784a60aa0 Unloading class 0x0000017786007c00 'java/lang/invoke/LambdaForm$MH+0x0000017786007c00'
Event: 724.614 Thread 0x0000017784a60aa0 Unloading class 0x0000017786007400 'java/lang/invoke/LambdaForm$MH+0x0000017786007400'
Event: 724.614 Thread 0x0000017784a60aa0 Unloading class 0x00000177867bdc00 'java/lang/invoke/LambdaForm$MH+0x00000177867bdc00'
Event: 724.614 Thread 0x0000017784a60aa0 Unloading class 0x00000177867acc00 'java/lang/invoke/LambdaForm$MH+0x00000177867acc00'

Classes redefined (15 events):
Event: 220.988 Thread 0x0000017784a60aa0 redefined class name=shop.controller.HomeController, count=1
Event: 471.356 Thread 0x0000017784a60aa0 redefined class name=shop.controller.HomeController, count=1
Event: 471.356 Thread 0x0000017784a60aa0 redefined class name=shop.controller.HomeController, count=2
Event: 710.488 Thread 0x0000017784a60aa0 redefined class name=shop.controller.HomeController, count=2
Event: 710.488 Thread 0x0000017784a60aa0 redefined class name=shop.controller.HomeController, count=3
Event: 710.488 Thread 0x0000017784a60aa0 redefined class name=shop.controller.HomeController, count=1
Event: 723.570 Thread 0x0000017784a60aa0 redefined class name=shop.controller.HomeController, count=3
Event: 723.570 Thread 0x0000017784a60aa0 redefined class name=shop.controller.HomeController, count=4
Event: 723.570 Thread 0x0000017784a60aa0 redefined class name=shop.controller.HomeController, count=2
Event: 723.570 Thread 0x0000017784a60aa0 redefined class name=shop.controller.HomeController, count=1
Event: 748.684 Thread 0x0000017784a60aa0 redefined class name=shop.controller.HomeController, count=4
Event: 748.684 Thread 0x0000017784a60aa0 redefined class name=shop.controller.HomeController, count=5
Event: 748.684 Thread 0x0000017784a60aa0 redefined class name=shop.controller.HomeController, count=3
Event: 748.684 Thread 0x0000017784a60aa0 redefined class name=shop.controller.HomeController, count=2
Event: 748.684 Thread 0x0000017784a60aa0 redefined class name=shop.controller.HomeController, count=1

Internal exceptions (20 events):
Event: 712.537 Thread 0x00000177cd6d4e40 Exception <a 'java/lang/NoClassDefFoundError'{0x00000007073abdd8}: org/jooq/DSLContext> (0x00000007073abdd8) 
thrown [s\open\src\hotspot\share\oops\constantPool.cpp, line 873]
Event: 712.538 Thread 0x00000177cd6d4e40 Exception <a 'java/lang/NoClassDefFoundError'{0x00000007073b6e78}: org/springframework/batch/core/repository/JobRepository> (0x00000007073b6e78) 
thrown [s\open\src\hotspot\share\oops\constantPool.cpp, line 873]
Event: 712.538 Thread 0x00000177cd6d4e40 Exception <a 'java/lang/NoClassDefFoundError'{0x00000007073b74d0}: org/quartz/Scheduler> (0x00000007073b74d0) 
thrown [s\open\src\hotspot\share\oops\constantPool.cpp, line 873]
Event: 712.539 Thread 0x00000177cd6d4e40 Exception <a 'java/lang/NoClassDefFoundError'{0x00000007073b7b50}: org/springframework/session/jdbc/JdbcIndexedSessionRepository> (0x00000007073b7b50) 
thrown [s\open\src\hotspot\share\oops\constantPool.cpp, line 873]
Event: 712.543 Thread 0x00000177cd6d4e40 Exception <a 'java/lang/NoSuchMethodError'{0x00000007070460f8}: 'void java.lang.invoke.DelegatingMethodHandle$Holder.reinvoke_L(java.lang.Object, java.lang.Object, int)'> (0x00000007070460f8) 
thrown [s\open\src\hotspot\share\interpreter\linkResolver.cpp, line 773]
Event: 712.576 Thread 0x00000177cd6d4e40 Exception <a 'java/lang/NoSuchMethodError'{0x0000000706b5d870}: 'int java.lang.invoke.DirectMethodHandle$Holder.invokeVirtual(java.lang.Object, java.lang.Object, java.lang.Object, java.lang.Object)'> (0x0000000706b5d870) 
thrown [s\open\src\hotspot\share\interpreter\linkResolver.cpp, line 773]
Event: 712.576 Thread 0x00000177cd6d4e40 Exception <a 'java/lang/NoSuchMethodError'{0x0000000706b60e38}: 'int java.lang.invoke.DelegatingMethodHandle$Holder.reinvoke_L(java.lang.Object, java.lang.Object, java.lang.Object, java.lang.Object)'> (0x0000000706b60e38) 
thrown [s\open\src\hotspot\share\interpreter\linkResolver.cpp, line 773]
Event: 712.582 Thread 0x00000177cd6d4e40 Exception <a 'java/io/FileNotFoundException'{0x0000000706bbd968}> (0x0000000706bbd968) 
thrown [s\open\src\hotspot\share\prims\jni.cpp, line 520]
Event: 712.622 Thread 0x00000177cd6d4e40 Exception <a 'java/lang/NoSuchMethodError'{0x0000000706240338}: 'long java.lang.invoke.DelegatingMethodHandle$Holder.reinvoke_L(java.lang.Object, java.lang.Object)'> (0x0000000706240338) 
thrown [s\open\src\hotspot\share\interpreter\linkResolver.cpp, line 773]
Event: 712.836 Thread 0x00000177cceb5d80 Exception <a 'java/lang/NoSuchMethodError'{0x0000000707286870}: static [B.<clinit>()V> (0x0000000707286870) 
thrown [s\open\src\hotspot\share\prims\jni.cpp, line 1111]
Event: 712.836 Thread 0x00000177cceb56f0 Exception <a 'java/lang/NoSuchMethodError'{0x0000000707297490}: static [B.<clinit>()V> (0x0000000707297490) 
thrown [s\open\src\hotspot\share\prims\jni.cpp, line 1111]
Event: 724.605 Thread 0x00000177cd6ce540 Exception <a 'java/lang/InterruptedException'{0x0000000706ceb020}: sleep interrupted> (0x0000000706ceb020) 
thrown [s\open\src\hotspot\share\prims\jvm.cpp, line 3074]
Event: 724.649 Thread 0x00000177cceb2900 Exception <a 'sun/nio/fs/WindowsException'{0x00000007ffe77508}> (0x00000007ffe77508) 
thrown [s\open\src\hotspot\share\prims\jni.cpp, line 520]
Event: 724.832 Thread 0x00000177cceb2900 Exception <a 'java/lang/NoClassDefFoundError'{0x00000007075eae50}: org/flywaydb/core/Flyway> (0x00000007075eae50) 
thrown [s\open\src\hotspot\share\oops\constantPool.cpp, line 873]
Event: 724.978 Thread 0x00000177cceb2900 Exception <a 'java/lang/NoClassDefFoundError'{0x00000007075eb4b0}: liquibase/integration/spring/SpringLiquibase> (0x00000007075eb4b0) 
thrown [s\open\src\hotspot\share\oops\constantPool.cpp, line 873]
Event: 724.982 Thread 0x00000177cceb2900 Exception <a 'java/lang/NoClassDefFoundError'{0x000000070726ffc0}: org/jooq/DSLContext> (0x000000070726ffc0) 
thrown [s\open\src\hotspot\share\oops\constantPool.cpp, line 873]
Event: 724.983 Thread 0x00000177cceb2900 Exception <a 'java/lang/NoClassDefFoundError'{0x000000070727b060}: org/springframework/batch/core/repository/JobRepository> (0x000000070727b060) 
thrown [s\open\src\hotspot\share\oops\constantPool.cpp, line 873]
Event: 724.983 Thread 0x00000177cceb2900 Exception <a 'java/lang/NoClassDefFoundError'{0x000000070727b6b8}: org/quartz/Scheduler> (0x000000070727b6b8) 
thrown [s\open\src\hotspot\share\oops\constantPool.cpp, line 873]
Event: 724.983 Thread 0x00000177cceb2900 Exception <a 'java/lang/NoClassDefFoundError'{0x000000070727bd38}: org/springframework/session/jdbc/JdbcIndexedSessionRepository> (0x000000070727bd38) 
thrown [s\open\src\hotspot\share\oops\constantPool.cpp, line 873]
Event: 725.017 Thread 0x00000177cceb2900 Exception <a 'java/io/FileNotFoundException'{0x0000000706d64c60}> (0x0000000706d64c60) 
thrown [s\open\src\hotspot\share\prims\jni.cpp, line 520]

ZGC Phase Switch (0 events):
No events

VM Operations (20 events):
Event: 725.839 Executing VM operation: get/set locals
Event: 725.839 Executing VM operation: get/set locals done
Event: 725.842 Executing VM operation: get/set locals
Event: 725.842 Executing VM operation: get/set locals done
Event: 725.842 Executing VM operation: get/set locals
Event: 725.842 Executing VM operation: get/set locals done
Event: 725.842 Executing VM operation: get/set locals
Event: 725.842 Executing VM operation: get/set locals done
Event: 725.843 Executing VM operation: get/set locals
Event: 725.843 Executing VM operation: get/set locals done
Event: 727.853 Executing VM operation: Cleanup
Event: 727.853 Executing VM operation: Cleanup done
Event: 748.667 Executing VM operation: ChangeSingleStep
Event: 748.667 Executing VM operation: ChangeSingleStep done
Event: 748.667 Executing VM operation: ChangeSingleStep
Event: 748.667 Executing VM operation: ChangeSingleStep done
Event: 748.677 Executing VM operation: RedefineClasses
Event: 748.697 Executing VM operation: RedefineClasses done
Event: 748.699 Executing VM operation: ChangeSingleStep
Event: 748.699 Executing VM operation: ChangeSingleStep done

Events (20 events):
Event: 724.622 Thread 0x0000017784a60aa0 flushing nmethod 0x00000177f9c6e810
Event: 724.622 Thread 0x0000017784a60aa0 flushing nmethod 0x00000177f9c7e610
Event: 724.622 Thread 0x0000017784a60aa0 flushing nmethod 0x00000177f9c23d90
Event: 724.622 Thread 0x0000017784a60aa0 flushing nmethod 0x00000177f9bf6a90
Event: 724.622 Thread 0x0000017784a60aa0 flushing nmethod 0x00000177f9bffe90
Event: 724.641 Thread 0x00000177cceb7e50 Thread added: 0x00000177cceb7e50
Event: 724.642 Thread 0x00000177cceb7e50 Thread exited: 0x00000177cceb7e50
Event: 724.642 Thread 0x00000177cceb2900 Thread added: 0x00000177cceb2900
Event: 724.683 Thread 0x00000177cceb77c0 Thread added: 0x00000177cceb77c0
Event: 724.704 Thread 0x00000177cceb77c0 Thread exited: 0x00000177cceb77c0
Event: 725.030 Thread 0x00000177cceb7e50 Thread added: 0x00000177cceb7e50
Event: 725.030 Thread 0x00000177cceb5060 Thread added: 0x00000177cceb5060
Event: 725.030 Thread 0x00000177cceb2f90 Thread added: 0x00000177cceb2f90
Event: 725.062 Thread 0x00000177cceb1550 Thread added: 0x00000177cceb1550
Event: 725.062 Thread 0x00000177cceb6aa0 Thread added: 0x00000177cceb6aa0
Event: 725.163 Thread 0x00000177cceb0ec0 Thread added: 0x00000177cceb0ec0
Event: 730.565 Thread 0x00000177ca8bee00 Thread exited: 0x00000177ca8bee00
Event: 730.597 Thread 0x00000177cceb0ec0 Thread exited: 0x00000177cceb0ec0
Event: 735.580 Thread 0x00000177ca8be730 Thread exited: 0x00000177ca8be730
Event: 735.580 Thread 0x00000177ca8c1db0 Thread exited: 0x00000177ca8c1db0


Dynamic libraries:
0x00007ff753660000 - 0x00007ff753670000 	D:\JavaWork\jdk-21_windows-x64_bin\jdk-21.0.3\bin\javaw.exe
0x00007ffc83df0000 - 0x00007ffc84007000 	C:\Windows\SYSTEM32\ntdll.dll
0x00007ffc832f0000 - 0x00007ffc833b4000 	C:\Windows\System32\KERNEL32.DLL
0x00007ffc813d0000 - 0x00007ffc8177d000 	C:\Windows\System32\KERNELBASE.dll
0x00007ffc818e0000 - 0x00007ffc819f1000 	C:\Windows\System32\ucrtbase.dll
0x00007ffc70d00000 - 0x00007ffc70d1b000 	D:\JavaWork\jdk-21_windows-x64_bin\jdk-21.0.3\bin\VCRUNTIME140.dll
0x00007ffc70d20000 - 0x00007ffc70d39000 	D:\JavaWork\jdk-21_windows-x64_bin\jdk-21.0.3\bin\jli.dll
0x00007ffc83a40000 - 0x00007ffc83af2000 	C:\Windows\System32\ADVAPI32.dll
0x00007ffc83b80000 - 0x00007ffc83c27000 	C:\Windows\System32\msvcrt.dll
0x00007ffc82210000 - 0x00007ffc822b9000 	C:\Windows\System32\sechost.dll
0x00007ffc818b0000 - 0x00007ffc818d8000 	C:\Windows\System32\bcrypt.dll
0x00007ffc820c0000 - 0x00007ffc821d4000 	C:\Windows\System32\RPCRT4.dll
0x00007ffc81d00000 - 0x00007ffc81eae000 	C:\Windows\System32\USER32.dll
0x00007ffc81110000 - 0x00007ffc81136000 	C:\Windows\System32\win32u.dll
0x00007ffc6ce50000 - 0x00007ffc6d0e3000 	C:\Windows\WinSxS\amd64_microsoft.windows.common-controls_6595b64144ccf1df_6.0.22621.3672_none_2713b9d173822955\COMCTL32.dll
0x00007ffc821e0000 - 0x00007ffc82209000 	C:\Windows\System32\GDI32.dll
0x00007ffc812b0000 - 0x00007ffc813c9000 	C:\Windows\System32\gdi32full.dll
0x00007ffc81a00000 - 0x00007ffc81a9a000 	C:\Windows\System32\msvcp_win.dll
0x00007ffc772f0000 - 0x00007ffc772fa000 	C:\Windows\SYSTEM32\VERSION.dll
0x00007ffc82050000 - 0x00007ffc82081000 	C:\Windows\System32\IMM32.DLL
0x00007ffc7b970000 - 0x00007ffc7b97c000 	D:\JavaWork\jdk-21_windows-x64_bin\jdk-21.0.3\bin\vcruntime140_1.dll
0x00007ffc70c70000 - 0x00007ffc70cfe000 	D:\JavaWork\jdk-21_windows-x64_bin\jdk-21.0.3\bin\msvcp140.dll
0x00007ffbc65d0000 - 0x00007ffbc72dd000 	D:\JavaWork\jdk-21_windows-x64_bin\jdk-21.0.3\bin\server\jvm.dll
0x00007ffc83d30000 - 0x00007ffc83da1000 	C:\Windows\System32\WS2_32.dll
0x00007ffc7ff80000 - 0x00007ffc7ffcd000 	C:\Windows\SYSTEM32\POWRPROF.dll
0x00007ffc78530000 - 0x00007ffc78564000 	C:\Windows\SYSTEM32\WINMM.dll
0x00007ffc7ff60000 - 0x00007ffc7ff73000 	C:\Windows\SYSTEM32\UMPDC.dll
0x00007ffc80170000 - 0x00007ffc80188000 	C:\Windows\SYSTEM32\kernel.appcore.dll
0x00007ffc70c60000 - 0x00007ffc70c6a000 	D:\JavaWork\jdk-21_windows-x64_bin\jdk-21.0.3\bin\jimage.dll
0x00007ffc7e5b0000 - 0x00007ffc7e7e2000 	C:\Windows\SYSTEM32\DBGHELP.DLL
0x00007ffc82e00000 - 0x00007ffc8318e000 	C:\Windows\System32\combase.dll
0x00007ffc81ec0000 - 0x00007ffc81f97000 	C:\Windows\System32\OLEAUT32.dll
0x00007ffc5afb0000 - 0x00007ffc5afe2000 	C:\Windows\SYSTEM32\dbgcore.DLL
0x00007ffc81aa0000 - 0x00007ffc81b1b000 	C:\Windows\System32\bcryptPrimitives.dll
0x00007ffc70c20000 - 0x00007ffc70c5c000 	D:\JavaWork\jdk-21_windows-x64_bin\jdk-21.0.3\bin\jdwp.dll
0x00007ffc70ab0000 - 0x00007ffc70abf000 	D:\JavaWork\jdk-21_windows-x64_bin\jdk-21.0.3\bin\instrument.dll
0x00007ffc70970000 - 0x00007ffc7098f000 	D:\JavaWork\jdk-21_windows-x64_bin\jdk-21.0.3\bin\java.dll
0x00007ffc82480000 - 0x00007ffc82ce7000 	C:\Windows\System32\SHELL32.dll
0x00007ffc7f050000 - 0x00007ffc7f94f000 	C:\Windows\SYSTEM32\windows.storage.dll
0x00007ffc7ef10000 - 0x00007ffc7f04f000 	C:\Windows\SYSTEM32\wintypes.dll
0x00007ffc81c00000 - 0x00007ffc81cf9000 	C:\Windows\System32\SHCORE.dll
0x00007ffc81b20000 - 0x00007ffc81b7e000 	C:\Windows\System32\shlwapi.dll
0x00007ffc81040000 - 0x00007ffc81067000 	C:\Windows\SYSTEM32\profapi.dll
0x00007ffc70960000 - 0x00007ffc7096c000 	D:\JavaWork\jdk-21_windows-x64_bin\jdk-21.0.3\bin\dt_socket.dll
0x00007ffc7fc60000 - 0x00007ffc7fc8d000 	C:\Windows\SYSTEM32\IPHLPAPI.DLL
0x00007ffc80680000 - 0x00007ffc806e9000 	C:\Windows\system32\mswsock.dll
0x00007ffc7fc90000 - 0x00007ffc7fd88000 	C:\Windows\SYSTEM32\DNSAPI.dll
0x00007ffc81eb0000 - 0x00007ffc81eb9000 	C:\Windows\System32\NSI.dll
0x00007ffc6cd20000 - 0x00007ffc6cd2a000 	C:\Windows\System32\rasadhlp.dll
0x00007ffc7a560000 - 0x00007ffc7a5e3000 	C:\Windows\System32\fwpuclnt.dll
0x00007ffc70910000 - 0x00007ffc70928000 	D:\JavaWork\jdk-21_windows-x64_bin\jdk-21.0.3\bin\zip.dll
0x00007ffc70900000 - 0x00007ffc70910000 	D:\JavaWork\jdk-21_windows-x64_bin\jdk-21.0.3\bin\net.dll
0x00007ffc7abe0000 - 0x00007ffc7ad16000 	C:\Windows\SYSTEM32\WINHTTP.dll
0x00007ffc6fb80000 - 0x00007ffc6fb96000 	D:\JavaWork\jdk-21_windows-x64_bin\jdk-21.0.3\bin\nio.dll
0x00007ffc708f0000 - 0x00007ffc708fa000 	D:\JavaWork\jdk-21_windows-x64_bin\jdk-21.0.3\bin\management.dll
0x00007ffc6fbb0000 - 0x00007ffc6fbbb000 	D:\JavaWork\jdk-21_windows-x64_bin\jdk-21.0.3\bin\management_ext.dll
0x00007ffc83c30000 - 0x00007ffc83c38000 	C:\Windows\System32\PSAPI.DLL
0x00007ffc62220000 - 0x00007ffc62237000 	C:\Windows\system32\napinsp.dll
0x00007ffc617c0000 - 0x00007ffc617db000 	C:\Windows\system32\pnrpnsp.dll
0x00007ffc5d4b0000 - 0x00007ffc5d4c1000 	C:\Windows\System32\winrnr.dll
0x00007ffc47e20000 - 0x00007ffc47e35000 	C:\Windows\system32\wshbth.dll
0x00007ffc5cb20000 - 0x00007ffc5cb47000 	C:\Windows\system32\nlansp_c.dll
0x00007ffc808b0000 - 0x00007ffc808cb000 	C:\Windows\SYSTEM32\CRYPTSP.dll
0x00007ffc80190000 - 0x00007ffc801c5000 	C:\Windows\system32\rsaenh.dll
0x00007ffc80740000 - 0x00007ffc80768000 	C:\Windows\SYSTEM32\USERENV.dll
0x00007ffc808a0000 - 0x00007ffc808ac000 	C:\Windows\SYSTEM32\CRYPTBASE.dll
0x00007ffc6fb70000 - 0x00007ffc6fb79000 	D:\JavaWork\jdk-21_windows-x64_bin\jdk-21.0.3\bin\extnet.dll
0x00007ffc6fb60000 - 0x00007ffc6fb70000 	D:\JavaWork\jdk-21_windows-x64_bin\jdk-21.0.3\bin\verify.dll
0x00007ffc6fb50000 - 0x00007ffc6fb5e000 	D:\JavaWork\jdk-21_windows-x64_bin\jdk-21.0.3\bin\sunmscapi.dll
0x00007ffc81140000 - 0x00007ffc812a6000 	C:\Windows\System32\CRYPT32.dll
0x00007ffc80ab0000 - 0x00007ffc80ade000 	C:\Windows\SYSTEM32\ncrypt.dll
0x00007ffc80a70000 - 0x00007ffc80aa7000 	C:\Windows\SYSTEM32\NTASN1.dll
0x0000000180000000 - 0x000000018034d000 	D:\JavaWork\apache-tomcat-10.1.24\bin\tcnative-2.dll
0x00007ffc14e40000 - 0x00007ffc14e48000 	C:\Windows\system32\wshunix.dll

dbghelp: loaded successfully - version: 4.0.5 - missing functions: none
symbol engine: initialized successfully - sym options: 0x614 - pdb path: .;D:\JavaWork\jdk-21_windows-x64_bin\jdk-21.0.3\bin;C:\Windows\SYSTEM32;C:\Windows\WinSxS\amd64_microsoft.windows.common-controls_6595b64144ccf1df_6.0.22621.3672_none_2713b9d173822955;D:\JavaWork\jdk-21_windows-x64_bin\jdk-21.0.3\bin\server;D:\JavaWork\apache-tomcat-10.1.24\bin

VM Arguments:
jvm_args: -XX:+ShowCodeDetailsInExceptionMessages -agentlib:jdwp=transport=dt_socket,suspend=y,address=localhost:51492 -Dcom.sun.management.jmxremote -Dcom.sun.management.jmxremote.port=51491 -Dcom.sun.management.jmxremote.authenticate=false -Dcom.sun.management.jmxremote.ssl=false -Djava.rmi.server.hostname=localhost -Dspring.jmx.enabled=true -Dmanagement.endpoints.jmx.exposure.include=* -Dspring.application.admin.enabled=true -XX:TieredStopAtLevel=1 -Dspring.boot.project.name=final_exam -javaagent:D:\JavaWork\sts-4.23.0.RELEASE\configuration\org.eclipse.osgi\270\0\.cp\lib\javaagent-shaded.jar -Dfile.encoding=UTF-8 -Dstdout.encoding=UTF-8 -Dstderr.encoding=UTF-8 
java_command: shop.FinalExamApplication --spring.output.ansi.enabled=always
java_class_path (initial): E:\final_exam\final_exam\target\classes;C:\Users\ADMIN\.m2\repository\org\springframework\boot\spring-boot-starter-data-jdbc\3.3.4\spring-boot-starter-data-jdbc-3.3.4.jar;C:\Users\ADMIN\.m2\repository\org\springframework\boot\spring-boot-starter-jdbc\3.3.4\spring-boot-starter-jdbc-3.3.4.jar;C:\Users\ADMIN\.m2\repository\com\zaxxer\HikariCP\5.1.0\HikariCP-5.1.0.jar;C:\Users\ADMIN\.m2\repository\org\springframework\spring-jdbc\6.1.13\spring-jdbc-6.1.13.jar;C:\Users\ADMIN\.m2\repository\org\springframework\data\spring-data-jdbc\3.3.4\spring-data-jdbc-3.3.4.jar;C:\Users\ADMIN\.m2\repository\org\springframework\data\spring-data-relational\3.3.4\spring-data-relational-3.3.4.jar;C:\Users\ADMIN\.m2\repository\org\springframework\data\spring-data-commons\3.3.4\spring-data-commons-3.3.4.jar;C:\Users\ADMIN\.m2\repository\org\springframework\spring-tx\6.1.13\spring-tx-6.1.13.jar;C:\Users\ADMIN\.m2\repository\org\springframework\spring-context\6.1.13\spring-context-6.1.13.jar;C:\Users\ADMIN\.m2\repository\org\springframework\spring-beans\6.1.13\spring-beans-6.1.13.jar;C:\Users\ADMIN\.m2\repository\org\slf4j\slf4j-api\2.0.16\slf4j-api-2.0.16.jar;C:\Users\ADMIN\.m2\repository\org\springframework\boot\spring-boot-starter-data-jpa\3.3.4\spring-boot-starter-data-jpa-3.3.4.jar;C:\Users\ADMIN\.m2\repository\org\springframework\boot\spring-boot-starter-aop\3.3.4\spring-boot-starter-aop-3.3.4.jar;C:\Users\ADMIN\.m2\repository\org\springframework\spring-aop\6.1.13\spring-aop-6.1.13.jar;C:\Users\ADMIN\.m2\repository\org\aspectj\aspectjweaver\1.9.22.1\aspectjweaver-1.9.22.1.jar;C:\Users\ADMIN\.m2\repository\org\hibernate\orm\hibernate-core\6.5.3.Final\hibernate-core-6.5.3.Final.jar;C:\Users\ADMIN\.m2\repository\jakarta\persistence\jakarta.persistence-api\3.1.0\jakarta.persistence-api-3.1.0.jar;C:\Users\ADMIN\.m2\repository\jakarta\transaction\jakarta.transaction-api\2.0.1\jakarta.transaction-api-2.0.1.jar;C:\Users\ADMIN\.m2\repository\org\jboss\logging\jboss-logging\3.5.3.Final\jboss-logging-3.5.3.Final.jar;C:\Users\ADMIN\.m2\repository\org\hibernate\common\hibernate-commons-annotations\6.0.6.Final\hibernate-commons-annotations-6.0.6.Final.jar;C:\Users\ADMIN\.m2\repository\io\smallrye\jandex\3.1.2\jandex-3.1.2.jar;C:\Users\ADMIN\.m2\repository\com\fasterxml\classmate\1.7.0\classmate-1.7.0.jar;C:\Users\ADMIN\.m2\repository\net\bytebuddy\byte-buddy\1.14.19\byte-buddy-1.14.19.jar;C:\Users\ADMIN\.m2\repository\org\glassfish\jaxb\jaxb-runtime\4.0.5\jaxb-runtime-4.0.5.jar;C:\Users\ADMIN\.m2\repository\org\glassfish\jaxb\jaxb-core\4.0.5\jaxb-core-4.0.5.jar;C:\Users\ADMIN\.m2\repository\org\eclipse\angus\angus-activation\2.0.2\angus-activation-2.0.2.jar;C:\Users\ADMIN\.m2\repository\org\glassfish\jaxb\txw2\4.0.5\txw2-4.0.5.jar;C:\Users\ADMIN\.m2\repository\com\sun\istack\istack-commons-runtime\4.1.2\istack-commons-runtime-4.1.2.jar;C:\Users\ADMIN\.m2\repository\jakarta\inject\jakarta.inject-api\2.0.1\jakarta.inject-api-2.0.1.jar;C:\Users\ADMIN\.m2\repository\org\antlr\antlr4-runtime\4.13.0\antlr4-runtime-4.13.0.jar;C:\Users\ADMIN\.m2\repository\org\springframework\data\spring-data-jpa\3.3.4\spring-data-jpa-3.3.4.jar;C:\Users\ADMIN\.m2\repository\org\springframework\spring-orm\6.1.13\spring-orm-6.1.13.jar;C:\Users\ADMIN\.m2\repository\org\springframework\spring-aspects\6.1.13\spring-aspects-6.1.13.jar;C:\Users\ADMIN\.m2\repository\org\springframework\boot\spring-boot-starter-thymeleaf\3.3.4\spring-boot-starter-thymeleaf-3.3.4.jar;C:\Users\ADMIN\.m2\repository\org\springframework\boot\spring-boot-starter\3.3.4\spring-boot-starter-3.3.4.jar;C:\Users\ADMIN\.m2\repository\org\springframework\boot\spring-boot-starter-logging\3.3.4\spring-boot-starter-logging-3.3.4.jar;C:\Users\ADMIN\.m2\repository\ch\qos\logback\logback-classic\1.5.8\logback-classic-1.5.8.jar;C:\Users\ADMIN\.m2\repository\ch\qos\logback\logback-core\1.5.8\logback-core-1.5.8.jar;C:\Users\ADMIN\.m2\repository\org\apache\logging\log4j\log4j-to-slf4j\2.23.1\log4j-to-slf4j-2.23.1.jar;C:\Users\ADMIN\.m2\repository\org\apache\logging\log4j\log4j-api\2.23.1\log4j-api-2.23.1.jar;C:\Users\ADMIN\.m2\repository\org\slf4j\jul-to-slf4j\2.0.16\jul-to-slf4j-2.0.16.jar;C:\Users\ADMIN\.m2\repository\org\yaml\snakeyaml\2.2\snakeyaml-2.2.jar;C:\Users\ADMIN\.m2\repository\org\thymeleaf\thymeleaf-spring6\3.1.2.RELEASE\thymeleaf-spring6-3.1.2.RELEASE.jar;C:\Users\ADMIN\.m2\repository\org\thymeleaf\thymeleaf\3.1.2.RELEASE\thymeleaf-3.1.2.RELEASE.jar;C:\Users\ADMIN\.m2\repository\org\attoparser\attoparser\2.0.7.RELEASE\attoparser-2.0.7.RELEASE.jar;C:\Users\ADMIN\.m2\repository\org\unbescape\unbescape\1.1.6.RELEASE\unbescape-1.1.6.RELEASE.jar;C:\Users\ADMIN\.m2\repository\org\springframework\boot\spring-boot-starter-web\3.3.4\spring-boot-starter-web-3.3.4.jar;C:\Users\ADMIN\.m2\repository\org\springframework\boot\spring-boot-starter-json\3.3.4\spring-boot-starter-json-3.3.4.jar;C:\Users\ADMIN\.m2\repository\com\fasterxml\jackson\core\jackson-databind\2.17.2\jackson-databind-2.17.2.jar;C:\Users\ADMIN\.m2\repository\com\fasterxml\jackson\core\jackson-annotations\2.17.2\jackson-annotations-2.17.2.jar;C:\Users\ADMIN\.m2\repository\com\fasterxml\jackson\core\jackson-core\2.17.2\jackson-core-2.17.2.jar;C:\Users\ADMIN\.m2\repository\com\fasterxml\jackson\datatype\jackson-datatype-jdk8\2.17.2\jackson-datatype-jdk8-2.17.2.jar;C:\Users\ADMIN\.m2\repository\com\fasterxml\jackson\datatype\jackson-datatype-jsr310\2.17.2\jackson-datatype-jsr310-2.17.2.jar;C:\Users\ADMIN\.m2\repository\com\fasterxml\jackson\module\jackson-module-parameter-names\2.17.2\jackson-module-parameter-names-2.17.2.jar;C:\Users\ADMIN\.m2\repository\org\springframework\spring-web\6.1.13\spring-web-6.1.13.jar;C:\Users\ADMIN\.m2\repository\io\micrometer\micrometer-observation\1.13.4\micrometer-observation-1.13.4.jar;C:\Users\ADMIN\.m2\repository\io\micrometer\micrometer-commons\1.13.4\micrometer-commons-1.13.4.jar;C:\Users\ADMIN\.m2\repository\org\springframework\spring-webmvc\6.1.13\spring-webmvc-6.1.13.jar;C:\Users\ADMIN\.m2\repository\org\springframework\spring-expression\6.1.13\spring-expression-6.1.13.jar;C:\Users\ADMIN\.m2\repository\org\springframework\boot\spring-boot-devtools\3.3.4\spring-boot-devtools-3.3.4.jar;C:\Users\ADMIN\.m2\repository\org\springframework\boot\spring-boot\3.3.4\spring-boot-3.3.4.jar;C:\Users\ADMIN\.m2\repository\org\springframework\boot\spring-boot-autoconfigure\3.3.4\spring-boot-autoconfigure-3.3.4.jar;C:\Users\ADMIN\.m2\repository\com\microsoft\sqlserver\mssql-jdbc\12.6.4.jre11\mssql-jdbc-12.6.4.jre11.jar;C:\Users\ADMIN\.m2\repository\org\springframework\boot\spring-boot-starter-tomcat\3.3.4\spring-boot-starter-tomcat-3.3.4.jar;C:\Users\ADMIN\.m2\repository\jakarta\annotation\jakarta.annotation-api\2.1.1\jakarta.annotation-api-2.1.1.jar;C:\Users\ADMIN\.m2\repository\org\apache\tomcat\embed\tomcat-embed-core\10.1.30\tomcat-embed-core-10.1.30.jar;C:\Users\ADMIN\.m2\repository\org\apache\tomcat\embed\tomcat-embed-el\10.1.30\tomcat-embed-el-10.1.30.jar;C:\Users\ADMIN\.m2\repository\org\apache\tomcat\embed\tomcat-embed-websocket\10.1.30\tomcat-embed-websocket-10.1.30.jar;C:\Users\ADMIN\.m2\repository\jakarta\xml\bind\jakarta.xml.bind-api\4.0.2\jakarta.xml.bind-api-4.0.2.jar;C:\Users\ADMIN\.m2\repository\jakarta\activation\jakarta.activation-api\2.1.3\jakarta.activation-api-2.1.3.jar;C:\Users\ADMIN\.m2\repository\org\springframework\spring-core\6.1.13\spring-core-6.1.13.jar;C:\Users\ADMIN\.m2\repository\org\springframework\spring-jcl\6.1.13\spring-jcl-6.1.13.jar;C:\Users\ADMIN\.m2\repository\org\mindrot\jbcrypt\0.4\jbcrypt-0.4.jar
Launcher Type: SUN_STANDARD

[Global flags]
     intx CICompilerCount                          = 4                                         {product} {ergonomic}
     uint ConcGCThreads                            = 3                                         {product} {ergonomic}
     uint G1ConcRefinementThreads                  = 10                                        {product} {ergonomic}
   size_t G1HeapRegionSize                         = 2097152                                   {product} {ergonomic}
    uintx GCDrainStackTargetSize                   = 64                                        {product} {ergonomic}
   size_t InitialHeapSize                          = 266338304                                 {product} {ergonomic}
     bool ManagementServer                         = true                                      {product} {command line}
   size_t MarkStackSize                            = 4194304                                   {product} {ergonomic}
   size_t MaxHeapSize                              = 4234149888                                {product} {ergonomic}
   size_t MaxNewSize                               = 2539651072                                {product} {ergonomic}
   size_t MinHeapDeltaBytes                        = 2097152                                   {product} {ergonomic}
   size_t MinHeapSize                              = 8388608                                   {product} {ergonomic}
    uintx NonNMethodCodeHeapSize                   = 4096                                   {pd product} {ergonomic}
    uintx NonProfiledCodeHeapSize                  = 0                                      {pd product} {ergonomic}
     bool ProfileInterpreter                       = false                                  {pd product} {command line}
    uintx ProfiledCodeHeapSize                     = 0                                      {pd product} {ergonomic}
     bool ShowCodeDetailsInExceptionMessages       = true                                   {manageable} {command line}
   size_t SoftMaxHeapSize                          = 4234149888                             {manageable} {ergonomic}
     intx TieredStopAtLevel                        = 1                                         {product} {command line}
     bool UseCompressedOops                        = true                           {product lp64_product} {ergonomic}
     bool UseG1GC                                  = true                                      {product} {ergonomic}
     bool UseLargePagesIndividualAllocation        = false                                  {pd product} {ergonomic}

Logging:
Log output configuration:
 #0: stdout all=warning uptime,level,tags foldmultilines=false
 #1: stderr all=off uptime,level,tags foldmultilines=false

Environment Variables:
JAVA_HOME=D:\JavaWork\jdk-21_windows-x64_bin\jdk-21.0.3
PATH=D:/JavaWork/sts-4.23.0.RELEASE//plugins/org.eclipse.justj.openjdk.hotspot.jre.full.win32.x86_64_21.0.3.v20240426-1530/jre/bin/server;D:/JavaWork/sts-4.23.0.RELEASE//plugins/org.eclipse.justj.openjdk.hotspot.jre.full.win32.x86_64_21.0.3.v20240426-1530/jre/bin;C:\Program Files (x86)\Razer Chroma SDK\bin;C:\Program Files\Razer Chroma SDK\bin;C:\Program Files (x86)\Razer\ChromaBroadcast\bin;C:\Program Files\Razer\ChromaBroadcast\bin;C:\Windows\system32;C:\Windows;C:\Windows\System32\Wbem;C:\Windows\System32\WindowsPowerShell\v1.0\;C:\Windows\System32\OpenSSH\;C:\Program Files (x86)\NVIDIA Corporation\PhysX\Common;C:\Program Files\NVIDIA Corporation\NVIDIA NvDLISR;C:\Program Files\Microsoft SQL Server\Client SDK\ODBC\170\Tools\Binn\;C:\Program Files\Microsoft SQL Server\150\Tools\Binn\;C:\Program Files (x86)\Microsoft SQL Server\160\Tools\Binn\;C:\Program Files\Microsoft SQL Server\160\Tools\Binn\;C:\Program Files\Microsoft SQL Server\160\DTS\Binn\;C:\Program Files (x86)\Microsoft SQL Server\160\DTS\Binn\;C:\Program Files\Git\cmd;C:\Program Files\nodejs\;D:\JavaWork\jdk-21_windows-x64_bin\jdk-21.0.3\bin;C:\Program Files\dotnet\;C:\Windows\system32\config\systemprofile\AppData\Local\Microsoft\WindowsApps;C:\Users\ADMIN\AppData\Local\Microsoft\WindowsApps;D:\Microsoft VS Code\bin;C:\Users\ADMIN\AppData\Roaming\npm;D:\JavaWork\apache-tomcat-10.1.24\bin;C:\Users\ADMIN\.dotnet\tools;D:\JavaWork\sts-4.23.0.RELEASE;
USERNAME=ADMIN
OS=Windows_NT
PROCESSOR_IDENTIFIER=Intel64 Family 6 Model 141 Stepping 1, GenuineIntel
TMP=C:\Users\ADMIN\AppData\Local\Temp
TEMP=C:\Users\ADMIN\AppData\Local\Temp




Periodic native trim disabled

---------------  S Y S T E M  ---------------

OS:
 Windows 11 , 64 bit Build 22621 (10.0.22621.3958)
OS uptime: 0 days 3:54 hours
Hyper-V role detected

CPU: total 12 (initial active 12) (6 cores per cpu, 2 threads per core) family 6 model 141 stepping 1 microcode 0x3c, cx8, cmov, fxsr, ht, mmx, 3dnowpref, sse, sse2, sse3, ssse3, sse4.1, sse4.2, popcnt, lzcnt, tsc, tscinvbit, avx, avx2, aes, erms, clmul, bmi1, bmi2, adx, avx512f, avx512dq, avx512cd, avx512bw, avx512vl, sha, fma, vzeroupper, avx512_vpopcntdq, avx512_vpclmulqdq, avx512_vaes, avx512_vnni, clflush, clflushopt, clwb, avx512_vbmi2, avx512_vbmi, hv, rdtscp, rdpid, fsrm, gfni, avx512_bitalg, f16c, cet_ibt, cet_ss, avx512_ifma
Processor Information for all 12 processors :
  Max Mhz: 2688, Current Mhz: 2688, Mhz Limit: 2688

Memory: 4k page, system-wide physical 16147M (5230M free)
TotalPageFile size 21011M (AvailPageFile size 3811M)
current process WorkingSet (physical memory assigned to process): 254M, peak: 263M
current process commit charge ("private bytes"): 295M, peak: 378M

vm_info: Java HotSpot(TM) 64-Bit Server VM (21.0.3+7-LTS-152) for windows-amd64 JRE (21.0.3+7-LTS-152), built on 2024-03-11T17:42:26Z by "mach5one" with MS VC++ 17.6 (VS2022)

END.
